<?xml version="1.0" encoding="UTF-8"?>
<!-- Generated by org.testng.reporters.JUnitXMLReporter -->
<testsuite ignored="0" hostname="SANDEEP-PC" failures="0" tests="1" name="Test" time="9.775" errors="0" timestamp="2022-06-20T13:50:23 IST">
  <testcase classname="KiteAppTestClasses.ValidateKiteUserID" name="@BeforeMethod loginToKiteApp" time="0.975">
    <failure type="java.lang.NullPointerException">
      <![CDATA[java.lang.NullPointerException
at org.openqa.selenium.support.pagefactory.DefaultElementLocator.findElement(DefaultElementLocator.java:70)
at org.openqa.selenium.support.pagefactory.internal.LocatingElementHandler.invoke(LocatingElementHandler.java:39)
at com.sun.proxy.$Proxy18.sendKeys(Unknown Source)
at KiteAppPOM.KiteLoginPage.sendUserName(KiteLoginPage.java:24)
at KiteAppTestClasses.ValidateKiteUserID.loginToKiteApp(ValidateKiteUserID.java:39)
at java.base/java.util.ArrayList.forEach(ArrayList.java:1541)
... Removed 31 stack frames]]>
    </failure>
  </testcase> <!-- @BeforeMethod loginToKiteApp -->
  <testcase classname="KiteAppTestClasses.ValidateKiteUserID" name="@AfterMethod logoutfromKiteApp" time="0.0">
    <failure type="java.lang.NullPointerException">
      <![CDATA[java.lang.NullPointerException
at org.openqa.selenium.support.pagefactory.DefaultElementLocator.findElement(DefaultElementLocator.java:70)
at org.openqa.selenium.support.pagefactory.internal.LocatingElementHandler.invoke(LocatingElementHandler.java:39)
at com.sun.proxy.$Proxy18.click(Unknown Source)
at KiteAppPOM.KiteHomePage.clickOnLogoutButton(KiteHomePage.java:38)
at KiteAppTestClasses.ValidateKiteUserID.logoutfromKiteApp(ValidateKiteUserID.java:58)
at java.base/java.util.ArrayList.forEach(ArrayList.java:1541)
... Removed 32 stack frames]]>
    </failure>
  </testcase> <!-- @AfterMethod logoutfromKiteApp -->
  <testcase classname="KiteAppTestClasses.ValidateKiteUserID" name="@AfterClass closeBrowser" time="0.0">
    <failure type="java.lang.NullPointerException">
      <![CDATA[java.lang.NullPointerException
at KiteAppTestClasses.ValidateKiteUserID.closeBrowser(ValidateKiteUserID.java:63)
at java.base/java.util.ArrayList.forEach(ArrayList.java:1541)
... Removed 25 stack frames]]>
    </failure>
  </testcase> <!-- @AfterClass closeBrowser -->
  <testcase classname="KiteAppTestClasses.ValidateKiteUserID" name="validateUserName" time="0.0">
    <skipped/>
  </testcase> <!-- validateUserName -->
</testsuite> <!-- Test -->
