<?xml version="1.0" encoding="UTF-8"?>
<!-- Generated by org.testng.reporters.JUnitXMLReporter -->
<testsuite ignored="4" hostname="SANDEEP-PC" failures="0" tests="1" name="Test(failed)" time="0.076" errors="0" timestamp="2022-06-14T12:12:12 IST">
  <testcase classname="xmltestngStudy.failedclass" name="myMethod1" time="0.012"/>
  <testcase classname="xmltestngStudy.failedclass" name="myMethod2" time="0.0">
    <ignored/>
  </testcase> <!-- myMethod2 -->
  <testcase classname="xmltestngStudy.failedclass" name="myMethod3" time="0.0">
    <ignored/>
  </testcase> <!-- myMethod3 -->
  <testcase classname="xmltestngStudy.failedclass" name="myMethod4" time="0.0">
    <ignored/>
  </testcase> <!-- myMethod4 -->
  <testcase classname="xmltestngStudy.failedclass" name="myMethod5" time="0.0">
    <ignored/>
  </testcase> <!-- myMethod5 -->
</testsuite> <!-- Test(failed) -->
